{"timestamp": "2026-02-16T13:00:53.530030", "level": "INFO", "logger": "__main__", "message": "🚀 Initializing INGESTION LAYER ORCHESTRATOR", "module": "logging_config", "function": "_log", "line": 212, "thread": 123594644637504, "thread_name": "MainThread"}
{"timestamp": "2026-02-16T13:00:53.530842", "level": "INFO", "logger": "__main__", "message": "📋 Consumer groups to start: ['app_events_consumer', 'cdc_consumer', 'clickstream_consumer', 'external_data_consumer', 'unified_consumer']", "module": "logging_config", "function": "_log", "line": 212, "thread": 123594644637504, "thread_name": "MainThread"}
{"timestamp": "2026-02-16T13:00:53.531271", "level": "INFO", "logger": "__main__", "message": "\n======================================================================", "module": "logging_config", "function": "_log", "line": 212, "thread": 123594644637504, "thread_name": "MainThread"}
{"timestamp": "2026-02-16T13:00:53.531789", "level": "INFO", "logger": "__main__", "message": "🚀 STARTING INGESTION LAYER", "module": "logging_config", "function": "_log", "line": 212, "thread": 123594644637504, "thread_name": "MainThread"}
{"timestamp": "2026-02-16T13:00:53.532227", "level": "INFO", "logger": "__main__", "message": "======================================================================\n", "module": "logging_config", "function": "_log", "line": 212, "thread": 123594644637504, "thread_name": "MainThread"}
{"timestamp": "2026-02-16T13:00:53.681032", "level": "WARNING", "logger": "__main__", "message": "⚠️  Kafka cluster manager not available; skipping topic creation", "module": "logging_config", "function": "_log", "line": 212, "thread": 123594644637504, "thread_name": "MainThread"}
{"timestamp": "2026-02-16T13:00:53.681737", "level": "INFO", "logger": "__main__", "message": "\n📌 Initializing consumer group: app_events_consumer", "module": "logging_config", "function": "_log", "line": 212, "thread": 123594644637504, "thread_name": "MainThread"}
{"timestamp": "2026-02-16T13:00:53.683324", "level": "INFO", "logger": "__main__", "message": "   Description: Consume application user events from mobile/web", "module": "logging_config", "function": "_log", "line": 212, "thread": 123594644637504, "thread_name": "MainThread"}
{"timestamp": "2026-02-16T13:00:53.683808", "level": "INFO", "logger": "__main__", "message": "   Topics: ['topic_app_events']", "module": "logging_config", "function": "_log", "line": 212, "thread": 123594644637504, "thread_name": "MainThread"}
{"timestamp": "2026-02-16T13:00:54.028429", "level": "ERROR", "logger": "__main__", "message": "❌ Failed to initialize consumer group 'app_events_consumer': Cannot initialize Kafka connection pool", "module": "logging_config", "function": "_log", "line": 212, "thread": 123594644637504, "thread_name": "MainThread"}
{"timestamp": "2026-02-16T13:00:54.028757", "level": "INFO", "logger": "__main__", "message": "\n📌 Initializing consumer group: cdc_consumer", "module": "logging_config", "function": "_log", "line": 212, "thread": 123594644637504, "thread_name": "MainThread"}
{"timestamp": "2026-02-16T13:00:54.029029", "level": "INFO", "logger": "__main__", "message": "   Description: Consume PostgreSQL CDC change events", "module": "logging_config", "function": "_log", "line": 212, "thread": 123594644637504, "thread_name": "MainThread"}
{"timestamp": "2026-02-16T13:00:54.029984", "level": "INFO", "logger": "__main__", "message": "   Topics: ['topic_cdc_changes']", "module": "logging_config", "function": "_log", "line": 212, "thread": 123594644637504, "thread_name": "MainThread"}
{"timestamp": "2026-02-16T13:00:54.394541", "level": "ERROR", "logger": "__main__", "message": "❌ Failed to initialize consumer group 'cdc_consumer': Cannot initialize Kafka connection pool", "module": "logging_config", "function": "_log", "line": 212, "thread": 123594644637504, "thread_name": "MainThread"}
{"timestamp": "2026-02-16T13:00:54.396255", "level": "INFO", "logger": "__main__", "message": "\n📌 Initializing consumer group: clickstream_consumer", "module": "logging_config", "function": "_log", "line": 212, "thread": 123594644637504, "thread_name": "MainThread"}
{"timestamp": "2026-02-16T13:00:54.397195", "level": "INFO", "logger": "__main__", "message": "   Description: Consume clickstream/navigation events", "module": "logging_config", "function": "_log", "line": 212, "thread": 123594644637504, "thread_name": "MainThread"}
{"timestamp": "2026-02-16T13:00:54.401315", "level": "INFO", "logger": "__main__", "message": "   Topics: ['topic_clickstream']", "module": "logging_config", "function": "_log", "line": 212, "thread": 123594644637504, "thread_name": "MainThread"}
{"timestamp": "2026-02-16T13:00:54.755996", "level": "ERROR", "logger": "__main__", "message": "❌ Failed to initialize consumer group 'clickstream_consumer': Cannot initialize Kafka connection pool", "module": "logging_config", "function": "_log", "line": 212, "thread": 123594644637504, "thread_name": "MainThread"}
{"timestamp": "2026-02-16T13:00:54.759282", "level": "INFO", "logger": "__main__", "message": "\n📌 Initializing consumer group: external_data_consumer", "module": "logging_config", "function": "_log", "line": 212, "thread": 123594644637504, "thread_name": "MainThread"}
{"timestamp": "2026-02-16T13:00:54.761558", "level": "INFO", "logger": "__main__", "message": "   Description: Consume external data sources (weather, maps, etc)", "module": "logging_config", "function": "_log", "line": 212, "thread": 123594644637504, "thread_name": "MainThread"}
{"timestamp": "2026-02-16T13:00:54.764912", "level": "INFO", "logger": "__main__", "message": "   Topics: ['topic_external_data']", "module": "logging_config", "function": "_log", "line": 212, "thread": 123594644637504, "thread_name": "MainThread"}
{"timestamp": "2026-02-16T13:00:55.137001", "level": "ERROR", "logger": "__main__", "message": "❌ Failed to initialize consumer group 'external_data_consumer': Cannot initialize Kafka connection pool", "module": "logging_config", "function": "_log", "line": 212, "thread": 123594644637504, "thread_name": "MainThread"}
{"timestamp": "2026-02-16T13:00:55.138608", "level": "INFO", "logger": "__main__", "message": "\n📌 Initializing consumer group: unified_consumer", "module": "logging_config", "function": "_log", "line": 212, "thread": 123594644637504, "thread_name": "MainThread"}
{"timestamp": "2026-02-16T13:00:55.140734", "level": "INFO", "logger": "__main__", "message": "   Description: Consume all data sources for unified processing", "module": "logging_config", "function": "_log", "line": 212, "thread": 123594644637504, "thread_name": "MainThread"}
{"timestamp": "2026-02-16T13:00:55.141544", "level": "INFO", "logger": "__main__", "message": "   Topics: ['topic_app_events', 'topic_cdc_changes', 'topic_clickstream', 'topic_external_data']", "module": "logging_config", "function": "_log", "line": 212, "thread": 123594644637504, "thread_name": "MainThread"}
{"timestamp": "2026-02-16T13:00:55.467324", "level": "ERROR", "logger": "__main__", "message": "❌ Failed to initialize consumer group 'unified_consumer': Cannot initialize Kafka connection pool", "module": "logging_config", "function": "_log", "line": 212, "thread": 123594644637504, "thread_name": "MainThread"}
{"timestamp": "2026-02-16T13:00:55.467628", "level": "INFO", "logger": "__main__", "message": "✅ Initialized 0/5 consumer groups\n", "module": "logging_config", "function": "_log", "line": 212, "thread": 123594644637504, "thread_name": "MainThread"}
{"timestamp": "2026-02-16T13:00:55.468131", "level": "INFO", "logger": "__main__", "message": "✅ All consumer groups started!\n", "module": "logging_config", "function": "_log", "line": 212, "thread": 123594644637504, "thread_name": "MainThread"}
{"timestamp": "2026-02-16T13:01:09.177349", "level": "INFO", "logger": "__main__", "message": "\n📬 Received signal 2, shutting down gracefully...", "module": "logging_config", "function": "_log", "line": 212, "thread": 123594644637504, "thread_name": "MainThread"}
{"timestamp": "2026-02-16T13:01:09.177980", "level": "INFO", "logger": "__main__", "message": "\n======================================================================", "module": "logging_config", "function": "_log", "line": 212, "thread": 123594644637504, "thread_name": "MainThread"}
{"timestamp": "2026-02-16T13:01:09.178525", "level": "INFO", "logger": "__main__", "message": "⏹️  STOPPING INGESTION LAYER", "module": "logging_config", "function": "_log", "line": 212, "thread": 123594644637504, "thread_name": "MainThread"}
{"timestamp": "2026-02-16T13:01:09.182376", "level": "INFO", "logger": "__main__", "message": "======================================================================\n", "module": "logging_config", "function": "_log", "line": 212, "thread": 123594644637504, "thread_name": "MainThread"}
{"timestamp": "2026-02-16T13:01:09.182844", "level": "INFO", "logger": "__main__", "message": "Waiting for all threads to finish...", "module": "logging_config", "function": "_log", "line": 212, "thread": 123594644637504, "thread_name": "MainThread"}
{"timestamp": "2026-02-16T13:01:14.184350", "level": "INFO", "logger": "__main__", "message": "✅ Thread monitor finished", "module": "logging_config", "function": "_log", "line": 212, "thread": 123594644637504, "thread_name": "MainThread"}
{"timestamp": "2026-02-16T13:01:14.184885", "level": "INFO", "logger": "__main__", "message": "\n======================================================================", "module": "logging_config", "function": "_log", "line": 212, "thread": 123594644637504, "thread_name": "MainThread"}
{"timestamp": "2026-02-16T13:01:14.185130", "level": "INFO", "logger": "__main__", "message": "📊 FINAL STATISTICS", "module": "logging_config", "function": "_log", "line": 212, "thread": 123594644637504, "thread_name": "MainThread"}
{"timestamp": "2026-02-16T13:01:14.185449", "level": "INFO", "logger": "__main__", "message": "======================================================================", "module": "logging_config", "function": "_log", "line": 212, "thread": 123594644637504, "thread_name": "MainThread"}
{"timestamp": "2026-02-16T13:01:14.185715", "level": "INFO", "logger": "__main__", "message": "Uptime: 21 seconds", "module": "logging_config", "function": "_log", "line": 212, "thread": 123594644637504, "thread_name": "MainThread"}
{"timestamp": "2026-02-16T13:01:14.186038", "level": "INFO", "logger": "__main__", "message": "Total messages processed: 0", "module": "logging_config", "function": "_log", "line": 212, "thread": 123594644637504, "thread_name": "MainThread"}
{"timestamp": "2026-02-16T13:01:14.186316", "level": "INFO", "logger": "__main__", "message": "Total errors: 0", "module": "logging_config", "function": "_log", "line": 212, "thread": 123594644637504, "thread_name": "MainThread"}
{"timestamp": "2026-02-16T13:01:14.186565", "level": "INFO", "logger": "__main__", "message": "Overall throughput: 0.00 messages/sec", "module": "logging_config", "function": "_log", "line": 212, "thread": 123594644637504, "thread_name": "MainThread"}
{"timestamp": "2026-02-16T13:01:14.186835", "level": "INFO", "logger": "__main__", "message": "\nBy consumer group:", "module": "logging_config", "function": "_log", "line": 212, "thread": 123594644637504, "thread_name": "MainThread"}
{"timestamp": "2026-02-16T13:01:14.189865", "level": "INFO", "logger": "__main__", "message": "\n======================================================================\n", "module": "logging_config", "function": "_log", "line": 212, "thread": 123594644637504, "thread_name": "MainThread"}
{"timestamp": "2026-02-16T14:47:07.443042", "level": "INFO", "logger": "__main__", "message": "🚀 Initializing INGESTION LAYER ORCHESTRATOR", "module": "logging_config", "function": "_log", "line": 212, "thread": 126855715477312, "thread_name": "MainThread"}
{"timestamp": "2026-02-16T14:47:07.458574", "level": "INFO", "logger": "__main__", "message": "📋 Consumer groups to start: ['app_events_consumer', 'cdc_consumer', 'clickstream_consumer', 'external_data_consumer', 'unified_consumer']", "module": "logging_config", "function": "_log", "line": 212, "thread": 126855715477312, "thread_name": "MainThread"}
{"timestamp": "2026-02-16T14:47:07.459001", "level": "INFO", "logger": "__main__", "message": "\n======================================================================", "module": "logging_config", "function": "_log", "line": 212, "thread": 126855715477312, "thread_name": "MainThread"}
{"timestamp": "2026-02-16T14:47:07.459286", "level": "INFO", "logger": "__main__", "message": "🚀 STARTING INGESTION LAYER", "module": "logging_config", "function": "_log", "line": 212, "thread": 126855715477312, "thread_name": "MainThread"}
{"timestamp": "2026-02-16T14:47:07.459572", "level": "INFO", "logger": "__main__", "message": "======================================================================\n", "module": "logging_config", "function": "_log", "line": 212, "thread": 126855715477312, "thread_name": "MainThread"}
{"timestamp": "2026-02-16T14:47:09.462026", "level": "WARNING", "logger": "__main__", "message": "⚠️  Kafka cluster manager not available; skipping topic creation", "module": "logging_config", "function": "_log", "line": 212, "thread": 126855715477312, "thread_name": "MainThread"}
{"timestamp": "2026-02-16T14:47:09.462809", "level": "INFO", "logger": "__main__", "message": "\n📌 Initializing consumer group: app_events_consumer", "module": "logging_config", "function": "_log", "line": 212, "thread": 126855715477312, "thread_name": "MainThread"}
{"timestamp": "2026-02-16T14:47:09.464801", "level": "INFO", "logger": "__main__", "message": "   Description: Consume application user events from mobile/web", "module": "logging_config", "function": "_log", "line": 212, "thread": 126855715477312, "thread_name": "MainThread"}
{"timestamp": "2026-02-16T14:47:09.465260", "level": "INFO", "logger": "__main__", "message": "   Topics: ['topic_app_events']", "module": "logging_config", "function": "_log", "line": 212, "thread": 126855715477312, "thread_name": "MainThread"}
{"timestamp": "2026-02-16T14:47:15.774379", "level": "ERROR", "logger": "__main__", "message": "❌ Failed to initialize consumer group 'app_events_consumer': Cannot initialize Kafka connection pool", "module": "logging_config", "function": "_log", "line": 212, "thread": 126855715477312, "thread_name": "MainThread"}
{"timestamp": "2026-02-16T14:47:15.774682", "level": "INFO", "logger": "__main__", "message": "\n📌 Initializing consumer group: cdc_consumer", "module": "logging_config", "function": "_log", "line": 212, "thread": 126855715477312, "thread_name": "MainThread"}
{"timestamp": "2026-02-16T14:47:15.774977", "level": "INFO", "logger": "__main__", "message": "   Description: Consume PostgreSQL CDC change events", "module": "logging_config", "function": "_log", "line": 212, "thread": 126855715477312, "thread_name": "MainThread"}
{"timestamp": "2026-02-16T14:47:15.775239", "level": "INFO", "logger": "__main__", "message": "   Topics: ['topic_cdc_changes']", "module": "logging_config", "function": "_log", "line": 212, "thread": 126855715477312, "thread_name": "MainThread"}
{"timestamp": "2026-02-16T14:47:22.080956", "level": "ERROR", "logger": "__main__", "message": "❌ Failed to initialize consumer group 'cdc_consumer': Cannot initialize Kafka connection pool", "module": "logging_config", "function": "_log", "line": 212, "thread": 126855715477312, "thread_name": "MainThread"}
{"timestamp": "2026-02-16T14:47:22.081258", "level": "INFO", "logger": "__main__", "message": "\n📌 Initializing consumer group: clickstream_consumer", "module": "logging_config", "function": "_log", "line": 212, "thread": 126855715477312, "thread_name": "MainThread"}
{"timestamp": "2026-02-16T14:47:22.081561", "level": "INFO", "logger": "__main__", "message": "   Description: Consume clickstream/navigation events", "module": "logging_config", "function": "_log", "line": 212, "thread": 126855715477312, "thread_name": "MainThread"}
{"timestamp": "2026-02-16T14:47:22.081825", "level": "INFO", "logger": "__main__", "message": "   Topics: ['topic_clickstream']", "module": "logging_config", "function": "_log", "line": 212, "thread": 126855715477312, "thread_name": "MainThread"}
{"timestamp": "2026-02-16T14:47:28.392701", "level": "ERROR", "logger": "__main__", "message": "❌ Failed to initialize consumer group 'clickstream_consumer': Cannot initialize Kafka connection pool", "module": "logging_config", "function": "_log", "line": 212, "thread": 126855715477312, "thread_name": "MainThread"}
{"timestamp": "2026-02-16T14:47:28.393057", "level": "INFO", "logger": "__main__", "message": "\n📌 Initializing consumer group: external_data_consumer", "module": "logging_config", "function": "_log", "line": 212, "thread": 126855715477312, "thread_name": "MainThread"}
{"timestamp": "2026-02-16T14:47:28.393342", "level": "INFO", "logger": "__main__", "message": "   Description: Consume external data sources (weather, maps, etc)", "module": "logging_config", "function": "_log", "line": 212, "thread": 126855715477312, "thread_name": "MainThread"}
{"timestamp": "2026-02-16T14:47:28.393614", "level": "INFO", "logger": "__main__", "message": "   Topics: ['topic_external_data']", "module": "logging_config", "function": "_log", "line": 212, "thread": 126855715477312, "thread_name": "MainThread"}
{"timestamp": "2026-02-16T14:47:34.702008", "level": "ERROR", "logger": "__main__", "message": "❌ Failed to initialize consumer group 'external_data_consumer': Cannot initialize Kafka connection pool", "module": "logging_config", "function": "_log", "line": 212, "thread": 126855715477312, "thread_name": "MainThread"}
{"timestamp": "2026-02-16T14:47:34.702307", "level": "INFO", "logger": "__main__", "message": "\n📌 Initializing consumer group: unified_consumer", "module": "logging_config", "function": "_log", "line": 212, "thread": 126855715477312, "thread_name": "MainThread"}
{"timestamp": "2026-02-16T14:47:34.702592", "level": "INFO", "logger": "__main__", "message": "   Description: Consume all data sources for unified processing", "module": "logging_config", "function": "_log", "line": 212, "thread": 126855715477312, "thread_name": "MainThread"}
{"timestamp": "2026-02-16T14:47:34.703545", "level": "INFO", "logger": "__main__", "message": "   Topics: ['topic_app_events', 'topic_cdc_changes', 'topic_clickstream', 'topic_external_data']", "module": "logging_config", "function": "_log", "line": 212, "thread": 126855715477312, "thread_name": "MainThread"}
{"timestamp": "2026-02-16T14:47:41.015535", "level": "ERROR", "logger": "__main__", "message": "❌ Failed to initialize consumer group 'unified_consumer': Cannot initialize Kafka connection pool", "module": "logging_config", "function": "_log", "line": 212, "thread": 126855715477312, "thread_name": "MainThread"}
{"timestamp": "2026-02-16T14:47:41.017878", "level": "INFO", "logger": "__main__", "message": "✅ Initialized 0/5 consumer groups\n", "module": "logging_config", "function": "_log", "line": 212, "thread": 126855715477312, "thread_name": "MainThread"}
{"timestamp": "2026-02-16T14:47:41.018781", "level": "INFO", "logger": "__main__", "message": "✅ All consumer groups started!\n", "module": "logging_config", "function": "_log", "line": 212, "thread": 126855715477312, "thread_name": "MainThread"}
{"timestamp": "2026-02-16T14:49:42.731663", "level": "INFO", "logger": "__main__", "message": "\n📬 Received signal 15, shutting down gracefully...", "module": "logging_config", "function": "_log", "line": 212, "thread": 126855715477312, "thread_name": "MainThread"}
{"timestamp": "2026-02-16T14:49:42.732608", "level": "INFO", "logger": "__main__", "message": "\n======================================================================", "module": "logging_config", "function": "_log", "line": 212, "thread": 126855715477312, "thread_name": "MainThread"}
{"timestamp": "2026-02-16T14:49:42.732961", "level": "INFO", "logger": "__main__", "message": "⏹️  STOPPING INGESTION LAYER", "module": "logging_config", "function": "_log", "line": 212, "thread": 126855715477312, "thread_name": "MainThread"}
{"timestamp": "2026-02-16T14:49:42.733430", "level": "INFO", "logger": "__main__", "message": "======================================================================\n", "module": "logging_config", "function": "_log", "line": 212, "thread": 126855715477312, "thread_name": "MainThread"}
{"timestamp": "2026-02-16T14:49:42.744910", "level": "INFO", "logger": "__main__", "message": "Waiting for all threads to finish...", "module": "logging_config", "function": "_log", "line": 212, "thread": 126855715477312, "thread_name": "MainThread"}
{"timestamp": "2026-02-16T14:49:47.747031", "level": "INFO", "logger": "__main__", "message": "✅ Thread monitor finished", "module": "logging_config", "function": "_log", "line": 212, "thread": 126855715477312, "thread_name": "MainThread"}
{"timestamp": "2026-02-16T14:49:47.748449", "level": "INFO", "logger": "__main__", "message": "\n======================================================================", "module": "logging_config", "function": "_log", "line": 212, "thread": 126855715477312, "thread_name": "MainThread"}
{"timestamp": "2026-02-16T14:49:47.750472", "level": "INFO", "logger": "__main__", "message": "📊 FINAL STATISTICS", "module": "logging_config", "function": "_log", "line": 212, "thread": 126855715477312, "thread_name": "MainThread"}
{"timestamp": "2026-02-16T14:49:47.752397", "level": "INFO", "logger": "__main__", "message": "======================================================================", "module": "logging_config", "function": "_log", "line": 212, "thread": 126855715477312, "thread_name": "MainThread"}
{"timestamp": "2026-02-16T14:49:47.753427", "level": "INFO", "logger": "__main__", "message": "Uptime: 160 seconds", "module": "logging_config", "function": "_log", "line": 212, "thread": 126855715477312, "thread_name": "MainThread"}
{"timestamp": "2026-02-16T14:49:47.757002", "level": "INFO", "logger": "__main__", "message": "Total messages processed: 0", "module": "logging_config", "function": "_log", "line": 212, "thread": 126855715477312, "thread_name": "MainThread"}
{"timestamp": "2026-02-16T14:49:47.758583", "level": "INFO", "logger": "__main__", "message": "Total errors: 0", "module": "logging_config", "function": "_log", "line": 212, "thread": 126855715477312, "thread_name": "MainThread"}
{"timestamp": "2026-02-16T14:49:47.760822", "level": "INFO", "logger": "__main__", "message": "Overall throughput: 0.00 messages/sec", "module": "logging_config", "function": "_log", "line": 212, "thread": 126855715477312, "thread_name": "MainThread"}
{"timestamp": "2026-02-16T14:49:47.765730", "level": "INFO", "logger": "__main__", "message": "\nBy consumer group:", "module": "logging_config", "function": "_log", "line": 212, "thread": 126855715477312, "thread_name": "MainThread"}
{"timestamp": "2026-02-16T14:49:47.782551", "level": "INFO", "logger": "__main__", "message": "\n======================================================================\n", "module": "logging_config", "function": "_log", "line": 212, "thread": 126855715477312, "thread_name": "MainThread"}
{"timestamp": "2026-02-16T14:50:41.436412", "level": "INFO", "logger": "__main__", "message": "🚀 Initializing INGESTION LAYER ORCHESTRATOR", "module": "logging_config", "function": "_log", "line": 212, "thread": 127136148461376, "thread_name": "MainThread"}
{"timestamp": "2026-02-16T14:50:41.439239", "level": "INFO", "logger": "__main__", "message": "📋 Consumer groups to start: ['app_events_consumer', 'cdc_consumer', 'clickstream_consumer', 'external_data_consumer', 'unified_consumer']", "module": "logging_config", "function": "_log", "line": 212, "thread": 127136148461376, "thread_name": "MainThread"}
{"timestamp": "2026-02-16T14:50:41.439865", "level": "INFO", "logger": "__main__", "message": "\n======================================================================", "module": "logging_config", "function": "_log", "line": 212, "thread": 127136148461376, "thread_name": "MainThread"}
{"timestamp": "2026-02-16T14:50:41.440350", "level": "INFO", "logger": "__main__", "message": "🚀 STARTING INGESTION LAYER", "module": "logging_config", "function": "_log", "line": 212, "thread": 127136148461376, "thread_name": "MainThread"}
{"timestamp": "2026-02-16T14:50:41.440827", "level": "INFO", "logger": "__main__", "message": "======================================================================\n", "module": "logging_config", "function": "_log", "line": 212, "thread": 127136148461376, "thread_name": "MainThread"}
{"timestamp": "2026-02-16T14:50:43.443540", "level": "WARNING", "logger": "__main__", "message": "⚠️  Kafka cluster manager not available; skipping topic creation", "module": "logging_config", "function": "_log", "line": 212, "thread": 127136148461376, "thread_name": "MainThread"}
{"timestamp": "2026-02-16T14:50:43.443962", "level": "INFO", "logger": "__main__", "message": "\n📌 Initializing consumer group: app_events_consumer", "module": "logging_config", "function": "_log", "line": 212, "thread": 127136148461376, "thread_name": "MainThread"}
{"timestamp": "2026-02-16T14:50:43.444292", "level": "INFO", "logger": "__main__", "message": "   Description: Consume application user events from mobile/web", "module": "logging_config", "function": "_log", "line": 212, "thread": 127136148461376, "thread_name": "MainThread"}
{"timestamp": "2026-02-16T14:50:43.444561", "level": "INFO", "logger": "__main__", "message": "   Topics: ['topic_app_events']", "module": "logging_config", "function": "_log", "line": 212, "thread": 127136148461376, "thread_name": "MainThread"}
{"timestamp": "2026-02-16T14:50:49.754532", "level": "ERROR", "logger": "__main__", "message": "❌ Failed to initialize consumer group 'app_events_consumer': Cannot initialize Kafka connection pool", "module": "logging_config", "function": "_log", "line": 212, "thread": 127136148461376, "thread_name": "MainThread"}
{"timestamp": "2026-02-16T14:50:49.755161", "level": "INFO", "logger": "__main__", "message": "\n📌 Initializing consumer group: cdc_consumer", "module": "logging_config", "function": "_log", "line": 212, "thread": 127136148461376, "thread_name": "MainThread"}
{"timestamp": "2026-02-16T14:50:49.755953", "level": "INFO", "logger": "__main__", "message": "   Description: Consume PostgreSQL CDC change events", "module": "logging_config", "function": "_log", "line": 212, "thread": 127136148461376, "thread_name": "MainThread"}
{"timestamp": "2026-02-16T14:50:49.756641", "level": "INFO", "logger": "__main__", "message": "   Topics: ['topic_cdc_changes']", "module": "logging_config", "function": "_log", "line": 212, "thread": 127136148461376, "thread_name": "MainThread"}
{"timestamp": "2026-02-16T14:50:56.064854", "level": "ERROR", "logger": "__main__", "message": "❌ Failed to initialize consumer group 'cdc_consumer': Cannot initialize Kafka connection pool", "module": "logging_config", "function": "_log", "line": 212, "thread": 127136148461376, "thread_name": "MainThread"}
{"timestamp": "2026-02-16T14:50:56.065595", "level": "INFO", "logger": "__main__", "message": "\n📌 Initializing consumer group: clickstream_consumer", "module": "logging_config", "function": "_log", "line": 212, "thread": 127136148461376, "thread_name": "MainThread"}
{"timestamp": "2026-02-16T14:50:56.066337", "level": "INFO", "logger": "__main__", "message": "   Description: Consume clickstream/navigation events", "module": "logging_config", "function": "_log", "line": 212, "thread": 127136148461376, "thread_name": "MainThread"}
{"timestamp": "2026-02-16T14:50:56.067010", "level": "INFO", "logger": "__main__", "message": "   Topics: ['topic_clickstream']", "module": "logging_config", "function": "_log", "line": 212, "thread": 127136148461376, "thread_name": "MainThread"}
{"timestamp": "2026-02-16T14:51:02.375714", "level": "ERROR", "logger": "__main__", "message": "❌ Failed to initialize consumer group 'clickstream_consumer': Cannot initialize Kafka connection pool", "module": "logging_config", "function": "_log", "line": 212, "thread": 127136148461376, "thread_name": "MainThread"}
{"timestamp": "2026-02-16T14:51:02.376040", "level": "INFO", "logger": "__main__", "message": "\n📌 Initializing consumer group: external_data_consumer", "module": "logging_config", "function": "_log", "line": 212, "thread": 127136148461376, "thread_name": "MainThread"}
{"timestamp": "2026-02-16T14:51:02.376324", "level": "INFO", "logger": "__main__", "message": "   Description: Consume external data sources (weather, maps, etc)", "module": "logging_config", "function": "_log", "line": 212, "thread": 127136148461376, "thread_name": "MainThread"}
{"timestamp": "2026-02-16T14:51:02.376605", "level": "INFO", "logger": "__main__", "message": "   Topics: ['topic_external_data']", "module": "logging_config", "function": "_log", "line": 212, "thread": 127136148461376, "thread_name": "MainThread"}
{"timestamp": "2026-02-16T14:51:08.684661", "level": "ERROR", "logger": "__main__", "message": "❌ Failed to initialize consumer group 'external_data_consumer': Cannot initialize Kafka connection pool", "module": "logging_config", "function": "_log", "line": 212, "thread": 127136148461376, "thread_name": "MainThread"}
{"timestamp": "2026-02-16T14:51:08.688871", "level": "INFO", "logger": "__main__", "message": "\n📌 Initializing consumer group: unified_consumer", "module": "logging_config", "function": "_log", "line": 212, "thread": 127136148461376, "thread_name": "MainThread"}
{"timestamp": "2026-02-16T14:51:08.689319", "level": "INFO", "logger": "__main__", "message": "   Description: Consume all data sources for unified processing", "module": "logging_config", "function": "_log", "line": 212, "thread": 127136148461376, "thread_name": "MainThread"}
{"timestamp": "2026-02-16T14:51:08.689676", "level": "INFO", "logger": "__main__", "message": "   Topics: ['topic_app_events', 'topic_cdc_changes', 'topic_clickstream', 'topic_external_data']", "module": "logging_config", "function": "_log", "line": 212, "thread": 127136148461376, "thread_name": "MainThread"}
{"timestamp": "2026-02-16T14:51:14.997699", "level": "ERROR", "logger": "__main__", "message": "❌ Failed to initialize consumer group 'unified_consumer': Cannot initialize Kafka connection pool", "module": "logging_config", "function": "_log", "line": 212, "thread": 127136148461376, "thread_name": "MainThread"}
{"timestamp": "2026-02-16T14:51:14.997986", "level": "INFO", "logger": "__main__", "message": "✅ Initialized 0/5 consumer groups\n", "module": "logging_config", "function": "_log", "line": 212, "thread": 127136148461376, "thread_name": "MainThread"}
{"timestamp": "2026-02-16T14:51:14.999021", "level": "INFO", "logger": "__main__", "message": "✅ All consumer groups started!\n", "module": "logging_config", "function": "_log", "line": 212, "thread": 127136148461376, "thread_name": "MainThread"}
{"timestamp": "2026-02-16T17:31:10.916294", "level": "INFO", "logger": "__main__", "message": "🚀 Initializing INGESTION LAYER ORCHESTRATOR", "module": "logging_config", "function": "_log", "line": 212, "thread": 124486287943488, "thread_name": "MainThread"}
{"timestamp": "2026-02-16T17:31:11.006073", "level": "INFO", "logger": "__main__", "message": "📋 Consumer groups to start: ['app_events_consumer', 'cdc_consumer', 'clickstream_consumer', 'external_data_consumer', 'unified_consumer']", "module": "logging_config", "function": "_log", "line": 212, "thread": 124486287943488, "thread_name": "MainThread"}
{"timestamp": "2026-02-16T17:31:11.008069", "level": "INFO", "logger": "__main__", "message": "\n======================================================================", "module": "logging_config", "function": "_log", "line": 212, "thread": 124486287943488, "thread_name": "MainThread"}
{"timestamp": "2026-02-16T17:31:11.008386", "level": "INFO", "logger": "__main__", "message": "🚀 STARTING INGESTION LAYER", "module": "logging_config", "function": "_log", "line": 212, "thread": 124486287943488, "thread_name": "MainThread"}
{"timestamp": "2026-02-16T17:31:11.008682", "level": "INFO", "logger": "__main__", "message": "======================================================================\n", "module": "logging_config", "function": "_log", "line": 212, "thread": 124486287943488, "thread_name": "MainThread"}
{"timestamp": "2026-02-16T17:31:11.291078", "level": "WARNING", "logger": "__main__", "message": "⚠️  Kafka cluster manager not available; skipping topic creation", "module": "logging_config", "function": "_log", "line": 212, "thread": 124486287943488, "thread_name": "MainThread"}
{"timestamp": "2026-02-16T17:31:11.291817", "level": "INFO", "logger": "__main__", "message": "\n📌 Initializing consumer group: app_events_consumer", "module": "logging_config", "function": "_log", "line": 212, "thread": 124486287943488, "thread_name": "MainThread"}
{"timestamp": "2026-02-16T17:31:11.293188", "level": "INFO", "logger": "__main__", "message": "   Description: Consume application user events from mobile/web", "module": "logging_config", "function": "_log", "line": 212, "thread": 124486287943488, "thread_name": "MainThread"}
{"timestamp": "2026-02-16T17:31:11.293436", "level": "INFO", "logger": "__main__", "message": "   Topics: ['topic_app_events']", "module": "logging_config", "function": "_log", "line": 212, "thread": 124486287943488, "thread_name": "MainThread"}
{"timestamp": "2026-02-16T17:31:14.377015", "level": "ERROR", "logger": "__main__", "message": "❌ Failed to initialize consumer group 'app_events_consumer': Failed to create Kafka consumer after retries", "module": "logging_config", "function": "_log", "line": 212, "thread": 124486287943488, "thread_name": "MainThread"}
{"timestamp": "2026-02-16T17:31:14.378903", "level": "INFO", "logger": "__main__", "message": "\n📌 Initializing consumer group: cdc_consumer", "module": "logging_config", "function": "_log", "line": 212, "thread": 124486287943488, "thread_name": "MainThread"}
{"timestamp": "2026-02-16T17:31:14.379779", "level": "INFO", "logger": "__main__", "message": "   Description: Consume PostgreSQL CDC change events", "module": "logging_config", "function": "_log", "line": 212, "thread": 124486287943488, "thread_name": "MainThread"}
{"timestamp": "2026-02-16T17:31:14.380150", "level": "INFO", "logger": "__main__", "message": "   Topics: ['topic_cdc_changes']", "module": "logging_config", "function": "_log", "line": 212, "thread": 124486287943488, "thread_name": "MainThread"}
{"timestamp": "2026-02-16T17:31:17.394524", "level": "ERROR", "logger": "__main__", "message": "❌ Failed to initialize consumer group 'cdc_consumer': Failed to create Kafka consumer after retries", "module": "logging_config", "function": "_log", "line": 212, "thread": 124486287943488, "thread_name": "MainThread"}
{"timestamp": "2026-02-16T17:31:17.395498", "level": "INFO", "logger": "__main__", "message": "\n📌 Initializing consumer group: clickstream_consumer", "module": "logging_config", "function": "_log", "line": 212, "thread": 124486287943488, "thread_name": "MainThread"}
{"timestamp": "2026-02-16T17:31:17.395797", "level": "INFO", "logger": "__main__", "message": "   Description: Consume clickstream/navigation events", "module": "logging_config", "function": "_log", "line": 212, "thread": 124486287943488, "thread_name": "MainThread"}
{"timestamp": "2026-02-16T17:31:17.396254", "level": "INFO", "logger": "__main__", "message": "   Topics: ['topic_clickstream']", "module": "logging_config", "function": "_log", "line": 212, "thread": 124486287943488, "thread_name": "MainThread"}
{"timestamp": "2026-02-16T17:31:20.408496", "level": "ERROR", "logger": "__main__", "message": "❌ Failed to initialize consumer group 'clickstream_consumer': Failed to create Kafka consumer after retries", "module": "logging_config", "function": "_log", "line": 212, "thread": 124486287943488, "thread_name": "MainThread"}
{"timestamp": "2026-02-16T17:31:20.409438", "level": "INFO", "logger": "__main__", "message": "\n📌 Initializing consumer group: external_data_consumer", "module": "logging_config", "function": "_log", "line": 212, "thread": 124486287943488, "thread_name": "MainThread"}
{"timestamp": "2026-02-16T17:31:20.409893", "level": "INFO", "logger": "__main__", "message": "   Description: Consume external data sources (weather, maps, etc)", "module": "logging_config", "function": "_log", "line": 212, "thread": 124486287943488, "thread_name": "MainThread"}
{"timestamp": "2026-02-16T17:31:20.410377", "level": "INFO", "logger": "__main__", "message": "   Topics: ['topic_external_data']", "module": "logging_config", "function": "_log", "line": 212, "thread": 124486287943488, "thread_name": "MainThread"}
{"timestamp": "2026-02-16T17:31:23.422472", "level": "ERROR", "logger": "__main__", "message": "❌ Failed to initialize consumer group 'external_data_consumer': Failed to create Kafka consumer after retries", "module": "logging_config", "function": "_log", "line": 212, "thread": 124486287943488, "thread_name": "MainThread"}
{"timestamp": "2026-02-16T17:31:23.423807", "level": "INFO", "logger": "__main__", "message": "\n📌 Initializing consumer group: unified_consumer", "module": "logging_config", "function": "_log", "line": 212, "thread": 124486287943488, "thread_name": "MainThread"}
{"timestamp": "2026-02-16T17:31:23.424309", "level": "INFO", "logger": "__main__", "message": "   Description: Consume all data sources for unified processing", "module": "logging_config", "function": "_log", "line": 212, "thread": 124486287943488, "thread_name": "MainThread"}
{"timestamp": "2026-02-16T17:31:23.424661", "level": "INFO", "logger": "__main__", "message": "   Topics: ['topic_app_events', 'topic_cdc_changes', 'topic_clickstream', 'topic_external_data']", "module": "logging_config", "function": "_log", "line": 212, "thread": 124486287943488, "thread_name": "MainThread"}
{"timestamp": "2026-02-16T17:31:24.830533", "level": "INFO", "logger": "__main__", "message": "\n📬 Received signal 15, shutting down gracefully...", "module": "logging_config", "function": "_log", "line": 212, "thread": 124486287943488, "thread_name": "MainThread"}
{"timestamp": "2026-02-16T17:31:24.831022", "level": "INFO", "logger": "__main__", "message": "\n======================================================================", "module": "logging_config", "function": "_log", "line": 212, "thread": 124486287943488, "thread_name": "MainThread"}
{"timestamp": "2026-02-16T17:31:24.831245", "level": "INFO", "logger": "__main__", "message": "⏹️  STOPPING INGESTION LAYER", "module": "logging_config", "function": "_log", "line": 212, "thread": 124486287943488, "thread_name": "MainThread"}
{"timestamp": "2026-02-16T17:31:24.831464", "level": "INFO", "logger": "__main__", "message": "======================================================================\n", "module": "logging_config", "function": "_log", "line": 212, "thread": 124486287943488, "thread_name": "MainThread"}
{"timestamp": "2026-02-16T17:31:24.831699", "level": "INFO", "logger": "__main__", "message": "Waiting for all threads to finish...", "module": "logging_config", "function": "_log", "line": 212, "thread": 124486287943488, "thread_name": "MainThread"}
{"timestamp": "2026-02-16T17:31:24.832003", "level": "INFO", "logger": "__main__", "message": "\n======================================================================", "module": "logging_config", "function": "_log", "line": 212, "thread": 124486287943488, "thread_name": "MainThread"}
{"timestamp": "2026-02-16T17:31:24.832232", "level": "INFO", "logger": "__main__", "message": "📊 FINAL STATISTICS", "module": "logging_config", "function": "_log", "line": 212, "thread": 124486287943488, "thread_name": "MainThread"}
{"timestamp": "2026-02-16T17:31:24.832452", "level": "INFO", "logger": "__main__", "message": "======================================================================", "module": "logging_config", "function": "_log", "line": 212, "thread": 124486287943488, "thread_name": "MainThread"}
{"timestamp": "2026-02-16T17:31:24.832656", "level": "INFO", "logger": "__main__", "message": "Uptime: 14 seconds", "module": "logging_config", "function": "_log", "line": 212, "thread": 124486287943488, "thread_name": "MainThread"}
{"timestamp": "2026-02-16T17:31:24.834028", "level": "INFO", "logger": "__main__", "message": "Total messages processed: 0", "module": "logging_config", "function": "_log", "line": 212, "thread": 124486287943488, "thread_name": "MainThread"}
{"timestamp": "2026-02-16T17:31:24.834466", "level": "INFO", "logger": "__main__", "message": "Total errors: 0", "module": "logging_config", "function": "_log", "line": 212, "thread": 124486287943488, "thread_name": "MainThread"}
{"timestamp": "2026-02-16T17:31:24.834994", "level": "INFO", "logger": "__main__", "message": "Overall throughput: 0.00 messages/sec", "module": "logging_config", "function": "_log", "line": 212, "thread": 124486287943488, "thread_name": "MainThread"}
{"timestamp": "2026-02-16T17:31:24.835430", "level": "INFO", "logger": "__main__", "message": "\nBy consumer group:", "module": "logging_config", "function": "_log", "line": 212, "thread": 124486287943488, "thread_name": "MainThread"}
{"timestamp": "2026-02-16T17:31:24.839276", "level": "INFO", "logger": "__main__", "message": "\n======================================================================\n", "module": "logging_config", "function": "_log", "line": 212, "thread": 124486287943488, "thread_name": "MainThread"}
{"timestamp": "2026-02-16T17:38:19.482374", "level": "INFO", "logger": "__main__", "message": "🚀 Initializing INGESTION LAYER ORCHESTRATOR", "module": "logging_config", "function": "_log", "line": 212, "thread": 131243183093568, "thread_name": "MainThread"}
{"timestamp": "2026-02-16T17:38:19.522837", "level": "INFO", "logger": "__main__", "message": "📋 Consumer groups to start: ['app_events_consumer', 'cdc_consumer', 'clickstream_consumer', 'external_data_consumer', 'unified_consumer']", "module": "logging_config", "function": "_log", "line": 212, "thread": 131243183093568, "thread_name": "MainThread"}
{"timestamp": "2026-02-16T17:38:19.525555", "level": "INFO", "logger": "__main__", "message": "\n======================================================================", "module": "logging_config", "function": "_log", "line": 212, "thread": 131243183093568, "thread_name": "MainThread"}
{"timestamp": "2026-02-16T17:38:19.525821", "level": "INFO", "logger": "__main__", "message": "🚀 STARTING INGESTION LAYER", "module": "logging_config", "function": "_log", "line": 212, "thread": 131243183093568, "thread_name": "MainThread"}
{"timestamp": "2026-02-16T17:38:19.526057", "level": "INFO", "logger": "__main__", "message": "======================================================================\n", "module": "logging_config", "function": "_log", "line": 212, "thread": 131243183093568, "thread_name": "MainThread"}
{"timestamp": "2026-02-16T17:38:19.759188", "level": "WARNING", "logger": "__main__", "message": "⚠️  Kafka cluster manager not available; skipping topic creation", "module": "logging_config", "function": "_log", "line": 212, "thread": 131243183093568, "thread_name": "MainThread"}
{"timestamp": "2026-02-16T17:38:19.759691", "level": "INFO", "logger": "__main__", "message": "\n📌 Initializing consumer group: app_events_consumer", "module": "logging_config", "function": "_log", "line": 212, "thread": 131243183093568, "thread_name": "MainThread"}
{"timestamp": "2026-02-16T17:38:19.760041", "level": "INFO", "logger": "__main__", "message": "   Description: Consume application user events from mobile/web", "module": "logging_config", "function": "_log", "line": 212, "thread": 131243183093568, "thread_name": "MainThread"}
{"timestamp": "2026-02-16T17:38:19.760278", "level": "INFO", "logger": "__main__", "message": "   Topics: ['topic_app_events']", "module": "logging_config", "function": "_log", "line": 212, "thread": 131243183093568, "thread_name": "MainThread"}
{"timestamp": "2026-02-16T17:38:22.790710", "level": "ERROR", "logger": "__main__", "message": "❌ Failed to initialize consumer group 'app_events_consumer': Failed to create Kafka consumer after retries", "module": "logging_config", "function": "_log", "line": 212, "thread": 131243183093568, "thread_name": "MainThread"}
{"timestamp": "2026-02-16T17:38:22.792137", "level": "INFO", "logger": "__main__", "message": "\n📌 Initializing consumer group: cdc_consumer", "module": "logging_config", "function": "_log", "line": 212, "thread": 131243183093568, "thread_name": "MainThread"}
{"timestamp": "2026-02-16T17:38:22.792554", "level": "INFO", "logger": "__main__", "message": "   Description: Consume PostgreSQL CDC change events", "module": "logging_config", "function": "_log", "line": 212, "thread": 131243183093568, "thread_name": "MainThread"}
{"timestamp": "2026-02-16T17:38:22.793005", "level": "INFO", "logger": "__main__", "message": "   Topics: ['topic_cdc_changes']", "module": "logging_config", "function": "_log", "line": 212, "thread": 131243183093568, "thread_name": "MainThread"}
{"timestamp": "2026-02-16T17:38:25.802551", "level": "ERROR", "logger": "__main__", "message": "❌ Failed to initialize consumer group 'cdc_consumer': Failed to create Kafka consumer after retries", "module": "logging_config", "function": "_log", "line": 212, "thread": 131243183093568, "thread_name": "MainThread"}
{"timestamp": "2026-02-16T17:38:25.803617", "level": "INFO", "logger": "__main__", "message": "\n📌 Initializing consumer group: clickstream_consumer", "module": "logging_config", "function": "_log", "line": 212, "thread": 131243183093568, "thread_name": "MainThread"}
{"timestamp": "2026-02-16T17:38:25.803931", "level": "INFO", "logger": "__main__", "message": "   Description: Consume clickstream/navigation events", "module": "logging_config", "function": "_log", "line": 212, "thread": 131243183093568, "thread_name": "MainThread"}
{"timestamp": "2026-02-16T17:38:25.804169", "level": "INFO", "logger": "__main__", "message": "   Topics: ['topic_clickstream']", "module": "logging_config", "function": "_log", "line": 212, "thread": 131243183093568, "thread_name": "MainThread"}
{"timestamp": "2026-02-16T17:38:28.813358", "level": "ERROR", "logger": "__main__", "message": "❌ Failed to initialize consumer group 'clickstream_consumer': Failed to create Kafka consumer after retries", "module": "logging_config", "function": "_log", "line": 212, "thread": 131243183093568, "thread_name": "MainThread"}
{"timestamp": "2026-02-16T17:38:28.815049", "level": "INFO", "logger": "__main__", "message": "\n📌 Initializing consumer group: external_data_consumer", "module": "logging_config", "function": "_log", "line": 212, "thread": 131243183093568, "thread_name": "MainThread"}
{"timestamp": "2026-02-16T17:38:28.815912", "level": "INFO", "logger": "__main__", "message": "   Description: Consume external data sources (weather, maps, etc)", "module": "logging_config", "function": "_log", "line": 212, "thread": 131243183093568, "thread_name": "MainThread"}
{"timestamp": "2026-02-16T17:38:28.816164", "level": "INFO", "logger": "__main__", "message": "   Topics: ['topic_external_data']", "module": "logging_config", "function": "_log", "line": 212, "thread": 131243183093568, "thread_name": "MainThread"}
{"timestamp": "2026-02-16T17:38:31.841619", "level": "ERROR", "logger": "__main__", "message": "❌ Failed to initialize consumer group 'external_data_consumer': Failed to create Kafka consumer after retries", "module": "logging_config", "function": "_log", "line": 212, "thread": 131243183093568, "thread_name": "MainThread"}
{"timestamp": "2026-02-16T17:38:31.849549", "level": "INFO", "logger": "__main__", "message": "\n📌 Initializing consumer group: unified_consumer", "module": "logging_config", "function": "_log", "line": 212, "thread": 131243183093568, "thread_name": "MainThread"}
{"timestamp": "2026-02-16T17:38:31.851590", "level": "INFO", "logger": "__main__", "message": "   Description: Consume all data sources for unified processing", "module": "logging_config", "function": "_log", "line": 212, "thread": 131243183093568, "thread_name": "MainThread"}
{"timestamp": "2026-02-16T17:38:31.852880", "level": "INFO", "logger": "__main__", "message": "   Topics: ['topic_app_events', 'topic_cdc_changes', 'topic_clickstream', 'topic_external_data']", "module": "logging_config", "function": "_log", "line": 212, "thread": 131243183093568, "thread_name": "MainThread"}
{"timestamp": "2026-02-16T17:38:34.896321", "level": "ERROR", "logger": "__main__", "message": "❌ Failed to initialize consumer group 'unified_consumer': Failed to create Kafka consumer after retries", "module": "logging_config", "function": "_log", "line": 212, "thread": 131243183093568, "thread_name": "MainThread"}
{"timestamp": "2026-02-16T17:38:34.899329", "level": "INFO", "logger": "__main__", "message": "✅ Initialized 0/5 consumer groups\n", "module": "logging_config", "function": "_log", "line": 212, "thread": 131243183093568, "thread_name": "MainThread"}
{"timestamp": "2026-02-16T17:38:34.899915", "level": "INFO", "logger": "__main__", "message": "✅ All consumer groups started!\n", "module": "logging_config", "function": "_log", "line": 212, "thread": 131243183093568, "thread_name": "MainThread"}
{"timestamp": "2026-02-16T17:38:48.707204", "level": "INFO", "logger": "__main__", "message": "\n📬 Received signal 15, shutting down gracefully...", "module": "logging_config", "function": "_log", "line": 212, "thread": 131243183093568, "thread_name": "MainThread"}
{"timestamp": "2026-02-16T17:38:48.707690", "level": "INFO", "logger": "__main__", "message": "\n======================================================================", "module": "logging_config", "function": "_log", "line": 212, "thread": 131243183093568, "thread_name": "MainThread"}
{"timestamp": "2026-02-16T17:38:48.707949", "level": "INFO", "logger": "__main__", "message": "⏹️  STOPPING INGESTION LAYER", "module": "logging_config", "function": "_log", "line": 212, "thread": 131243183093568, "thread_name": "MainThread"}
{"timestamp": "2026-02-16T17:38:48.708205", "level": "INFO", "logger": "__main__", "message": "======================================================================\n", "module": "logging_config", "function": "_log", "line": 212, "thread": 131243183093568, "thread_name": "MainThread"}
{"timestamp": "2026-02-16T17:38:48.708417", "level": "INFO", "logger": "__main__", "message": "Waiting for all threads to finish...", "module": "logging_config", "function": "_log", "line": 212, "thread": 131243183093568, "thread_name": "MainThread"}
{"timestamp": "2026-02-16T17:38:53.708807", "level": "INFO", "logger": "__main__", "message": "✅ Thread monitor finished", "module": "logging_config", "function": "_log", "line": 212, "thread": 131243183093568, "thread_name": "MainThread"}
{"timestamp": "2026-02-16T17:38:53.709558", "level": "INFO", "logger": "__main__", "message": "\n======================================================================", "module": "logging_config", "function": "_log", "line": 212, "thread": 131243183093568, "thread_name": "MainThread"}
{"timestamp": "2026-02-16T17:38:53.709824", "level": "INFO", "logger": "__main__", "message": "📊 FINAL STATISTICS", "module": "logging_config", "function": "_log", "line": 212, "thread": 131243183093568, "thread_name": "MainThread"}
{"timestamp": "2026-02-16T17:38:53.710066", "level": "INFO", "logger": "__main__", "message": "======================================================================", "module": "logging_config", "function": "_log", "line": 212, "thread": 131243183093568, "thread_name": "MainThread"}
{"timestamp": "2026-02-16T17:38:53.710295", "level": "INFO", "logger": "__main__", "message": "Uptime: 34 seconds", "module": "logging_config", "function": "_log", "line": 212, "thread": 131243183093568, "thread_name": "MainThread"}
{"timestamp": "2026-02-16T17:38:53.710503", "level": "INFO", "logger": "__main__", "message": "Total messages processed: 0", "module": "logging_config", "function": "_log", "line": 212, "thread": 131243183093568, "thread_name": "MainThread"}
{"timestamp": "2026-02-16T17:38:53.710708", "level": "INFO", "logger": "__main__", "message": "Total errors: 0", "module": "logging_config", "function": "_log", "line": 212, "thread": 131243183093568, "thread_name": "MainThread"}
{"timestamp": "2026-02-16T17:38:53.712027", "level": "INFO", "logger": "__main__", "message": "Overall throughput: 0.00 messages/sec", "module": "logging_config", "function": "_log", "line": 212, "thread": 131243183093568, "thread_name": "MainThread"}
{"timestamp": "2026-02-16T17:38:53.712725", "level": "INFO", "logger": "__main__", "message": "\nBy consumer group:", "module": "logging_config", "function": "_log", "line": 212, "thread": 131243183093568, "thread_name": "MainThread"}
{"timestamp": "2026-02-16T17:38:53.724472", "level": "INFO", "logger": "__main__", "message": "\n======================================================================\n", "module": "logging_config", "function": "_log", "line": 212, "thread": 131243183093568, "thread_name": "MainThread"}
{"timestamp": "2026-02-16T17:46:45.822394", "level": "INFO", "logger": "__main__", "message": "🚀 Initializing INGESTION LAYER ORCHESTRATOR", "module": "logging_config", "function": "_log", "line": 212, "thread": 134167546332992, "thread_name": "MainThread"}
{"timestamp": "2026-02-16T17:46:45.898710", "level": "INFO", "logger": "__main__", "message": "📋 Consumer groups to start: ['app_events_consumer', 'cdc_consumer', 'clickstream_consumer', 'external_data_consumer', 'unified_consumer']", "module": "logging_config", "function": "_log", "line": 212, "thread": 134167546332992, "thread_name": "MainThread"}
{"timestamp": "2026-02-16T17:46:45.899191", "level": "INFO", "logger": "__main__", "message": "\n======================================================================", "module": "logging_config", "function": "_log", "line": 212, "thread": 134167546332992, "thread_name": "MainThread"}
{"timestamp": "2026-02-16T17:46:45.899440", "level": "INFO", "logger": "__main__", "message": "🚀 STARTING INGESTION LAYER", "module": "logging_config", "function": "_log", "line": 212, "thread": 134167546332992, "thread_name": "MainThread"}
{"timestamp": "2026-02-16T17:46:45.899700", "level": "INFO", "logger": "__main__", "message": "======================================================================\n", "module": "logging_config", "function": "_log", "line": 212, "thread": 134167546332992, "thread_name": "MainThread"}
{"timestamp": "2026-02-16T17:46:46.122186", "level": "WARNING", "logger": "__main__", "message": "⚠️  Kafka cluster manager not available; skipping topic creation", "module": "logging_config", "function": "_log", "line": 212, "thread": 134167546332992, "thread_name": "MainThread"}
{"timestamp": "2026-02-16T17:46:46.122518", "level": "INFO", "logger": "__main__", "message": "\n📌 Initializing consumer group: app_events_consumer", "module": "logging_config", "function": "_log", "line": 212, "thread": 134167546332992, "thread_name": "MainThread"}
{"timestamp": "2026-02-16T17:46:46.130971", "level": "INFO", "logger": "__main__", "message": "   Description: Consume application user events from mobile/web", "module": "logging_config", "function": "_log", "line": 212, "thread": 134167546332992, "thread_name": "MainThread"}
{"timestamp": "2026-02-16T17:46:46.131289", "level": "INFO", "logger": "__main__", "message": "   Topics: ['topic_app_events']", "module": "logging_config", "function": "_log", "line": 212, "thread": 134167546332992, "thread_name": "MainThread"}
{"timestamp": "2026-02-16T17:46:49.238097", "level": "ERROR", "logger": "__main__", "message": "❌ Failed to initialize consumer group 'app_events_consumer': Failed to create Kafka consumer after retries", "module": "logging_config", "function": "_log", "line": 212, "thread": 134167546332992, "thread_name": "MainThread"}
{"timestamp": "2026-02-16T17:46:49.258197", "level": "INFO", "logger": "__main__", "message": "\n📌 Initializing consumer group: cdc_consumer", "module": "logging_config", "function": "_log", "line": 212, "thread": 134167546332992, "thread_name": "MainThread"}
{"timestamp": "2026-02-16T17:46:49.258541", "level": "INFO", "logger": "__main__", "message": "   Description: Consume PostgreSQL CDC change events", "module": "logging_config", "function": "_log", "line": 212, "thread": 134167546332992, "thread_name": "MainThread"}
{"timestamp": "2026-02-16T17:46:49.261688", "level": "INFO", "logger": "__main__", "message": "   Topics: ['topic_cdc_changes']", "module": "logging_config", "function": "_log", "line": 212, "thread": 134167546332992, "thread_name": "MainThread"}
{"timestamp": "2026-02-16T17:46:52.352290", "level": "ERROR", "logger": "__main__", "message": "❌ Failed to initialize consumer group 'cdc_consumer': Failed to create Kafka consumer after retries", "module": "logging_config", "function": "_log", "line": 212, "thread": 134167546332992, "thread_name": "MainThread"}
{"timestamp": "2026-02-16T17:46:52.364491", "level": "INFO", "logger": "__main__", "message": "\n📌 Initializing consumer group: clickstream_consumer", "module": "logging_config", "function": "_log", "line": 212, "thread": 134167546332992, "thread_name": "MainThread"}
{"timestamp": "2026-02-16T17:46:52.364843", "level": "INFO", "logger": "__main__", "message": "   Description: Consume clickstream/navigation events", "module": "logging_config", "function": "_log", "line": 212, "thread": 134167546332992, "thread_name": "MainThread"}
{"timestamp": "2026-02-16T17:46:52.365115", "level": "INFO", "logger": "__main__", "message": "   Topics: ['topic_clickstream']", "module": "logging_config", "function": "_log", "line": 212, "thread": 134167546332992, "thread_name": "MainThread"}
{"timestamp": "2026-02-16T17:46:55.399561", "level": "ERROR", "logger": "__main__", "message": "❌ Failed to initialize consumer group 'clickstream_consumer': Failed to create Kafka consumer after retries", "module": "logging_config", "function": "_log", "line": 212, "thread": 134167546332992, "thread_name": "MainThread"}
{"timestamp": "2026-02-16T17:46:55.404856", "level": "INFO", "logger": "__main__", "message": "\n📌 Initializing consumer group: external_data_consumer", "module": "logging_config", "function": "_log", "line": 212, "thread": 134167546332992, "thread_name": "MainThread"}
{"timestamp": "2026-02-16T17:46:55.405167", "level": "INFO", "logger": "__main__", "message": "   Description: Consume external data sources (weather, maps, etc)", "module": "logging_config", "function": "_log", "line": 212, "thread": 134167546332992, "thread_name": "MainThread"}
{"timestamp": "2026-02-16T17:46:55.405431", "level": "INFO", "logger": "__main__", "message": "   Topics: ['topic_external_data']", "module": "logging_config", "function": "_log", "line": 212, "thread": 134167546332992, "thread_name": "MainThread"}
{"timestamp": "2026-02-16T17:46:58.429659", "level": "ERROR", "logger": "__main__", "message": "❌ Failed to initialize consumer group 'external_data_consumer': Failed to create Kafka consumer after retries", "module": "logging_config", "function": "_log", "line": 212, "thread": 134167546332992, "thread_name": "MainThread"}
{"timestamp": "2026-02-16T17:46:58.433269", "level": "INFO", "logger": "__main__", "message": "\n📌 Initializing consumer group: unified_consumer", "module": "logging_config", "function": "_log", "line": 212, "thread": 134167546332992, "thread_name": "MainThread"}
{"timestamp": "2026-02-16T17:46:58.433959", "level": "INFO", "logger": "__main__", "message": "   Description: Consume all data sources for unified processing", "module": "logging_config", "function": "_log", "line": 212, "thread": 134167546332992, "thread_name": "MainThread"}
{"timestamp": "2026-02-16T17:46:58.434404", "level": "INFO", "logger": "__main__", "message": "   Topics: ['topic_app_events', 'topic_cdc_changes', 'topic_clickstream', 'topic_external_data']", "module": "logging_config", "function": "_log", "line": 212, "thread": 134167546332992, "thread_name": "MainThread"}
{"timestamp": "2026-02-16T17:47:01.447573", "level": "ERROR", "logger": "__main__", "message": "❌ Failed to initialize consumer group 'unified_consumer': Failed to create Kafka consumer after retries", "module": "logging_config", "function": "_log", "line": 212, "thread": 134167546332992, "thread_name": "MainThread"}
{"timestamp": "2026-02-16T17:47:01.448677", "level": "INFO", "logger": "__main__", "message": "✅ Initialized 0/5 consumer groups\n", "module": "logging_config", "function": "_log", "line": 212, "thread": 134167546332992, "thread_name": "MainThread"}
{"timestamp": "2026-02-16T17:47:01.449658", "level": "INFO", "logger": "__main__", "message": "✅ All consumer groups started!\n", "module": "logging_config", "function": "_log", "line": 212, "thread": 134167546332992, "thread_name": "MainThread"}
{"timestamp": "2026-02-16T17:47:43.923648", "level": "INFO", "logger": "__main__", "message": "\n📬 Received signal 15, shutting down gracefully...", "module": "logging_config", "function": "_log", "line": 212, "thread": 134167546332992, "thread_name": "MainThread"}
{"timestamp": "2026-02-16T17:47:43.924103", "level": "INFO", "logger": "__main__", "message": "\n======================================================================", "module": "logging_config", "function": "_log", "line": 212, "thread": 134167546332992, "thread_name": "MainThread"}
{"timestamp": "2026-02-16T17:47:43.924350", "level": "INFO", "logger": "__main__", "message": "⏹️  STOPPING INGESTION LAYER", "module": "logging_config", "function": "_log", "line": 212, "thread": 134167546332992, "thread_name": "MainThread"}
{"timestamp": "2026-02-16T17:47:43.924576", "level": "INFO", "logger": "__main__", "message": "======================================================================\n", "module": "logging_config", "function": "_log", "line": 212, "thread": 134167546332992, "thread_name": "MainThread"}
{"timestamp": "2026-02-16T17:47:43.924835", "level": "INFO", "logger": "__main__", "message": "Waiting for all threads to finish...", "module": "logging_config", "function": "_log", "line": 212, "thread": 134167546332992, "thread_name": "MainThread"}
{"timestamp": "2026-02-16T17:47:48.925178", "level": "INFO", "logger": "__main__", "message": "✅ Thread monitor finished", "module": "logging_config", "function": "_log", "line": 212, "thread": 134167546332992, "thread_name": "MainThread"}
{"timestamp": "2026-02-16T17:47:48.925636", "level": "INFO", "logger": "__main__", "message": "\n======================================================================", "module": "logging_config", "function": "_log", "line": 212, "thread": 134167546332992, "thread_name": "MainThread"}
{"timestamp": "2026-02-16T17:47:48.925905", "level": "INFO", "logger": "__main__", "message": "📊 FINAL STATISTICS", "module": "logging_config", "function": "_log", "line": 212, "thread": 134167546332992, "thread_name": "MainThread"}
{"timestamp": "2026-02-16T17:47:48.926139", "level": "INFO", "logger": "__main__", "message": "======================================================================", "module": "logging_config", "function": "_log", "line": 212, "thread": 134167546332992, "thread_name": "MainThread"}
{"timestamp": "2026-02-16T17:47:48.926340", "level": "INFO", "logger": "__main__", "message": "Uptime: 63 seconds", "module": "logging_config", "function": "_log", "line": 212, "thread": 134167546332992, "thread_name": "MainThread"}
{"timestamp": "2026-02-16T17:47:48.926539", "level": "INFO", "logger": "__main__", "message": "Total messages processed: 0", "module": "logging_config", "function": "_log", "line": 212, "thread": 134167546332992, "thread_name": "MainThread"}
{"timestamp": "2026-02-16T17:47:48.926733", "level": "INFO", "logger": "__main__", "message": "Total errors: 0", "module": "logging_config", "function": "_log", "line": 212, "thread": 134167546332992, "thread_name": "MainThread"}
{"timestamp": "2026-02-16T17:47:48.926969", "level": "INFO", "logger": "__main__", "message": "Overall throughput: 0.00 messages/sec", "module": "logging_config", "function": "_log", "line": 212, "thread": 134167546332992, "thread_name": "MainThread"}
{"timestamp": "2026-02-16T17:47:48.927166", "level": "INFO", "logger": "__main__", "message": "\nBy consumer group:", "module": "logging_config", "function": "_log", "line": 212, "thread": 134167546332992, "thread_name": "MainThread"}
{"timestamp": "2026-02-16T17:47:48.929055", "level": "INFO", "logger": "__main__", "message": "\n======================================================================\n", "module": "logging_config", "function": "_log", "line": 212, "thread": 134167546332992, "thread_name": "MainThread"}
