{"timestamp": "2026-02-16T13:00:53.530030", "level": "INFO", "logger": "__main__", "message": "🚀 Initializing INGESTION LAYER ORCHESTRATOR", "module": "logging_config", "function": "_log", "line": 212, "thread": 123594644637504, "thread_name": "MainThread"}
{"timestamp": "2026-02-16T13:00:53.530842", "level": "INFO", "logger": "__main__", "message": "📋 Consumer groups to start: ['app_events_consumer', 'cdc_consumer', 'clickstream_consumer', 'external_data_consumer', 'unified_consumer']", "module": "logging_config", "function": "_log", "line": 212, "thread": 123594644637504, "thread_name": "MainThread"}
{"timestamp": "2026-02-16T13:00:53.531271", "level": "INFO", "logger": "__main__", "message": "\n======================================================================", "module": "logging_config", "function": "_log", "line": 212, "thread": 123594644637504, "thread_name": "MainThread"}
{"timestamp": "2026-02-16T13:00:53.531789", "level": "INFO", "logger": "__main__", "message": "🚀 STARTING INGESTION LAYER", "module": "logging_config", "function": "_log", "line": 212, "thread": 123594644637504, "thread_name": "MainThread"}
{"timestamp": "2026-02-16T13:00:53.532227", "level": "INFO", "logger": "__main__", "message": "======================================================================\n", "module": "logging_config", "function": "_log", "line": 212, "thread": 123594644637504, "thread_name": "MainThread"}
{"timestamp": "2026-02-16T13:00:53.681032", "level": "WARNING", "logger": "__main__", "message": "⚠️  Kafka cluster manager not available; skipping topic creation", "module": "logging_config", "function": "_log", "line": 212, "thread": 123594644637504, "thread_name": "MainThread"}
{"timestamp": "2026-02-16T13:00:53.681737", "level": "INFO", "logger": "__main__", "message": "\n📌 Initializing consumer group: app_events_consumer", "module": "logging_config", "function": "_log", "line": 212, "thread": 123594644637504, "thread_name": "MainThread"}
{"timestamp": "2026-02-16T13:00:53.683324", "level": "INFO", "logger": "__main__", "message": "   Description: Consume application user events from mobile/web", "module": "logging_config", "function": "_log", "line": 212, "thread": 123594644637504, "thread_name": "MainThread"}
{"timestamp": "2026-02-16T13:00:53.683808", "level": "INFO", "logger": "__main__", "message": "   Topics: ['topic_app_events']", "module": "logging_config", "function": "_log", "line": 212, "thread": 123594644637504, "thread_name": "MainThread"}
{"timestamp": "2026-02-16T13:00:54.028429", "level": "ERROR", "logger": "__main__", "message": "❌ Failed to initialize consumer group 'app_events_consumer': Cannot initialize Kafka connection pool", "module": "logging_config", "function": "_log", "line": 212, "thread": 123594644637504, "thread_name": "MainThread"}
{"timestamp": "2026-02-16T13:00:54.028757", "level": "INFO", "logger": "__main__", "message": "\n📌 Initializing consumer group: cdc_consumer", "module": "logging_config", "function": "_log", "line": 212, "thread": 123594644637504, "thread_name": "MainThread"}
{"timestamp": "2026-02-16T13:00:54.029029", "level": "INFO", "logger": "__main__", "message": "   Description: Consume PostgreSQL CDC change events", "module": "logging_config", "function": "_log", "line": 212, "thread": 123594644637504, "thread_name": "MainThread"}
{"timestamp": "2026-02-16T13:00:54.029984", "level": "INFO", "logger": "__main__", "message": "   Topics: ['topic_cdc_changes']", "module": "logging_config", "function": "_log", "line": 212, "thread": 123594644637504, "thread_name": "MainThread"}
{"timestamp": "2026-02-16T13:00:54.394541", "level": "ERROR", "logger": "__main__", "message": "❌ Failed to initialize consumer group 'cdc_consumer': Cannot initialize Kafka connection pool", "module": "logging_config", "function": "_log", "line": 212, "thread": 123594644637504, "thread_name": "MainThread"}
{"timestamp": "2026-02-16T13:00:54.396255", "level": "INFO", "logger": "__main__", "message": "\n📌 Initializing consumer group: clickstream_consumer", "module": "logging_config", "function": "_log", "line": 212, "thread": 123594644637504, "thread_name": "MainThread"}
{"timestamp": "2026-02-16T13:00:54.397195", "level": "INFO", "logger": "__main__", "message": "   Description: Consume clickstream/navigation events", "module": "logging_config", "function": "_log", "line": 212, "thread": 123594644637504, "thread_name": "MainThread"}
{"timestamp": "2026-02-16T13:00:54.401315", "level": "INFO", "logger": "__main__", "message": "   Topics: ['topic_clickstream']", "module": "logging_config", "function": "_log", "line": 212, "thread": 123594644637504, "thread_name": "MainThread"}
{"timestamp": "2026-02-16T13:00:54.755996", "level": "ERROR", "logger": "__main__", "message": "❌ Failed to initialize consumer group 'clickstream_consumer': Cannot initialize Kafka connection pool", "module": "logging_config", "function": "_log", "line": 212, "thread": 123594644637504, "thread_name": "MainThread"}
{"timestamp": "2026-02-16T13:00:54.759282", "level": "INFO", "logger": "__main__", "message": "\n📌 Initializing consumer group: external_data_consumer", "module": "logging_config", "function": "_log", "line": 212, "thread": 123594644637504, "thread_name": "MainThread"}
{"timestamp": "2026-02-16T13:00:54.761558", "level": "INFO", "logger": "__main__", "message": "   Description: Consume external data sources (weather, maps, etc)", "module": "logging_config", "function": "_log", "line": 212, "thread": 123594644637504, "thread_name": "MainThread"}
{"timestamp": "2026-02-16T13:00:54.764912", "level": "INFO", "logger": "__main__", "message": "   Topics: ['topic_external_data']", "module": "logging_config", "function": "_log", "line": 212, "thread": 123594644637504, "thread_name": "MainThread"}
{"timestamp": "2026-02-16T13:00:55.137001", "level": "ERROR", "logger": "__main__", "message": "❌ Failed to initialize consumer group 'external_data_consumer': Cannot initialize Kafka connection pool", "module": "logging_config", "function": "_log", "line": 212, "thread": 123594644637504, "thread_name": "MainThread"}
{"timestamp": "2026-02-16T13:00:55.138608", "level": "INFO", "logger": "__main__", "message": "\n📌 Initializing consumer group: unified_consumer", "module": "logging_config", "function": "_log", "line": 212, "thread": 123594644637504, "thread_name": "MainThread"}
{"timestamp": "2026-02-16T13:00:55.140734", "level": "INFO", "logger": "__main__", "message": "   Description: Consume all data sources for unified processing", "module": "logging_config", "function": "_log", "line": 212, "thread": 123594644637504, "thread_name": "MainThread"}
{"timestamp": "2026-02-16T13:00:55.141544", "level": "INFO", "logger": "__main__", "message": "   Topics: ['topic_app_events', 'topic_cdc_changes', 'topic_clickstream', 'topic_external_data']", "module": "logging_config", "function": "_log", "line": 212, "thread": 123594644637504, "thread_name": "MainThread"}
{"timestamp": "2026-02-16T13:00:55.467324", "level": "ERROR", "logger": "__main__", "message": "❌ Failed to initialize consumer group 'unified_consumer': Cannot initialize Kafka connection pool", "module": "logging_config", "function": "_log", "line": 212, "thread": 123594644637504, "thread_name": "MainThread"}
{"timestamp": "2026-02-16T13:00:55.467628", "level": "INFO", "logger": "__main__", "message": "✅ Initialized 0/5 consumer groups\n", "module": "logging_config", "function": "_log", "line": 212, "thread": 123594644637504, "thread_name": "MainThread"}
{"timestamp": "2026-02-16T13:00:55.468131", "level": "INFO", "logger": "__main__", "message": "✅ All consumer groups started!\n", "module": "logging_config", "function": "_log", "line": 212, "thread": 123594644637504, "thread_name": "MainThread"}
{"timestamp": "2026-02-16T13:01:09.177349", "level": "INFO", "logger": "__main__", "message": "\n📬 Received signal 2, shutting down gracefully...", "module": "logging_config", "function": "_log", "line": 212, "thread": 123594644637504, "thread_name": "MainThread"}
{"timestamp": "2026-02-16T13:01:09.177980", "level": "INFO", "logger": "__main__", "message": "\n======================================================================", "module": "logging_config", "function": "_log", "line": 212, "thread": 123594644637504, "thread_name": "MainThread"}
{"timestamp": "2026-02-16T13:01:09.178525", "level": "INFO", "logger": "__main__", "message": "⏹️  STOPPING INGESTION LAYER", "module": "logging_config", "function": "_log", "line": 212, "thread": 123594644637504, "thread_name": "MainThread"}
{"timestamp": "2026-02-16T13:01:09.182376", "level": "INFO", "logger": "__main__", "message": "======================================================================\n", "module": "logging_config", "function": "_log", "line": 212, "thread": 123594644637504, "thread_name": "MainThread"}
{"timestamp": "2026-02-16T13:01:09.182844", "level": "INFO", "logger": "__main__", "message": "Waiting for all threads to finish...", "module": "logging_config", "function": "_log", "line": 212, "thread": 123594644637504, "thread_name": "MainThread"}
{"timestamp": "2026-02-16T13:01:14.184350", "level": "INFO", "logger": "__main__", "message": "✅ Thread monitor finished", "module": "logging_config", "function": "_log", "line": 212, "thread": 123594644637504, "thread_name": "MainThread"}
{"timestamp": "2026-02-16T13:01:14.184885", "level": "INFO", "logger": "__main__", "message": "\n======================================================================", "module": "logging_config", "function": "_log", "line": 212, "thread": 123594644637504, "thread_name": "MainThread"}
{"timestamp": "2026-02-16T13:01:14.185130", "level": "INFO", "logger": "__main__", "message": "📊 FINAL STATISTICS", "module": "logging_config", "function": "_log", "line": 212, "thread": 123594644637504, "thread_name": "MainThread"}
{"timestamp": "2026-02-16T13:01:14.185449", "level": "INFO", "logger": "__main__", "message": "======================================================================", "module": "logging_config", "function": "_log", "line": 212, "thread": 123594644637504, "thread_name": "MainThread"}
{"timestamp": "2026-02-16T13:01:14.185715", "level": "INFO", "logger": "__main__", "message": "Uptime: 21 seconds", "module": "logging_config", "function": "_log", "line": 212, "thread": 123594644637504, "thread_name": "MainThread"}
{"timestamp": "2026-02-16T13:01:14.186038", "level": "INFO", "logger": "__main__", "message": "Total messages processed: 0", "module": "logging_config", "function": "_log", "line": 212, "thread": 123594644637504, "thread_name": "MainThread"}
{"timestamp": "2026-02-16T13:01:14.186316", "level": "INFO", "logger": "__main__", "message": "Total errors: 0", "module": "logging_config", "function": "_log", "line": 212, "thread": 123594644637504, "thread_name": "MainThread"}
{"timestamp": "2026-02-16T13:01:14.186565", "level": "INFO", "logger": "__main__", "message": "Overall throughput: 0.00 messages/sec", "module": "logging_config", "function": "_log", "line": 212, "thread": 123594644637504, "thread_name": "MainThread"}
{"timestamp": "2026-02-16T13:01:14.186835", "level": "INFO", "logger": "__main__", "message": "\nBy consumer group:", "module": "logging_config", "function": "_log", "line": 212, "thread": 123594644637504, "thread_name": "MainThread"}
{"timestamp": "2026-02-16T13:01:14.189865", "level": "INFO", "logger": "__main__", "message": "\n======================================================================\n", "module": "logging_config", "function": "_log", "line": 212, "thread": 123594644637504, "thread_name": "MainThread"}
